The system is: Linux - 4.10.0-37-generic - x86_64
Compiling the C compiler identification source file "CMakeCCompilerId.c" succeeded.
Compiler: /usr/bin/clang-3.8 
Build flags: 
Id flags:  

The output was:
0


Compilation of the C compiler identification source "CMakeCCompilerId.c" produced "a.out"

The C compiler identification is Clang, found in "/home/natan/Documents/Island_Life/island-life-game/build/CMakeFiles/3.9.1/CompilerIdC/a.out"

Compiling the CXX compiler identification source file "CMakeCXXCompilerId.cpp" succeeded.
Compiler: /usr/bin/clang++-3.8 
Build flags: 
Id flags:  

The output was:
0


Compilation of the CXX compiler identification source "CMakeCXXCompilerId.cpp" produced "a.out"

The CXX compiler identification is Clang, found in "/home/natan/Documents/Island_Life/island-life-game/build/CMakeFiles/3.9.1/CompilerIdCXX/a.out"

Determining if the C compiler works passed with the following output:
Change Dir: /home/natan/Documents/Island_Life/island-life-game/build/CMakeFiles/CMakeTmp

Run Build Command:"/usr/bin/make" "cmTC_eefed/fast"
make[1]: Entering directory '/home/natan/Documents/Island_Life/island-life-game/build/CMakeFiles/CMakeTmp'
/usr/bin/make -f CMakeFiles/cmTC_eefed.dir/build.make CMakeFiles/cmTC_eefed.dir/build
make[2]: Entering directory '/home/natan/Documents/Island_Life/island-life-game/build/CMakeFiles/CMakeTmp'
Building C object CMakeFiles/cmTC_eefed.dir/testCCompiler.c.o
/usr/bin/clang-3.8    -o CMakeFiles/cmTC_eefed.dir/testCCompiler.c.o   -c /home/natan/Documents/Island_Life/island-life-game/build/CMakeFiles/CMakeTmp/testCCompiler.c
Linking C executable cmTC_eefed
/usr/bin/cmake -E cmake_link_script CMakeFiles/cmTC_eefed.dir/link.txt --verbose=1
/usr/bin/clang-3.8      -rdynamic CMakeFiles/cmTC_eefed.dir/testCCompiler.c.o  -o cmTC_eefed 
make[2]: Leaving directory '/home/natan/Documents/Island_Life/island-life-game/build/CMakeFiles/CMakeTmp'
make[1]: Leaving directory '/home/natan/Documents/Island_Life/island-life-game/build/CMakeFiles/CMakeTmp'


Detecting C compiler ABI info compiled with the following output:
Change Dir: /home/natan/Documents/Island_Life/island-life-game/build/CMakeFiles/CMakeTmp

Run Build Command:"/usr/bin/make" "cmTC_c3e37/fast"
make[1]: Entering directory '/home/natan/Documents/Island_Life/island-life-game/build/CMakeFiles/CMakeTmp'
/usr/bin/make -f CMakeFiles/cmTC_c3e37.dir/build.make CMakeFiles/cmTC_c3e37.dir/build
make[2]: Entering directory '/home/natan/Documents/Island_Life/island-life-game/build/CMakeFiles/CMakeTmp'
Building C object CMakeFiles/cmTC_c3e37.dir/CMakeCCompilerABI.c.o
/usr/bin/clang-3.8    -o CMakeFiles/cmTC_c3e37.dir/CMakeCCompilerABI.c.o   -c /usr/share/cmake-3.9/Modules/CMakeCCompilerABI.c
Linking C executable cmTC_c3e37
/usr/bin/cmake -E cmake_link_script CMakeFiles/cmTC_c3e37.dir/link.txt --verbose=1
/usr/bin/clang-3.8     -v -rdynamic CMakeFiles/cmTC_c3e37.dir/CMakeCCompilerABI.c.o  -o cmTC_c3e37 
clang version 3.8.1-24ubuntu7 (tags/RELEASE_381/final)
Target: x86_64-pc-linux-gnu
Thread model: posix
InstalledDir: /usr/bin
Found candidate GCC installation: /usr/bin/../lib/gcc/x86_64-linux-gnu/5.4.1
Found candidate GCC installation: /usr/bin/../lib/gcc/x86_64-linux-gnu/6.4.0
Found candidate GCC installation: /usr/bin/../lib/gcc/x86_64-linux-gnu/7.2.0
Found candidate GCC installation: /usr/lib/gcc/x86_64-linux-gnu/5.4.1
Found candidate GCC installation: /usr/lib/gcc/x86_64-linux-gnu/6.4.0
Found candidate GCC installation: /usr/lib/gcc/x86_64-linux-gnu/7.2.0
Selected GCC installation: /usr/bin/../lib/gcc/x86_64-linux-gnu/7.2.0
Candidate multilib: .;@m64
Selected multilib: .;@m64
 "/usr/bin/ld" -export-dynamic --eh-frame-hdr -m elf_x86_64 -dynamic-linker /lib64/ld-linux-x86-64.so.2 -o cmTC_c3e37 /usr/bin/../lib/gcc/x86_64-linux-gnu/7.2.0/../../../x86_64-linux-gnu/crt1.o /usr/bin/../lib/gcc/x86_64-linux-gnu/7.2.0/../../../x86_64-linux-gnu/crti.o /usr/bin/../lib/gcc/x86_64-linux-gnu/7.2.0/crtbegin.o -L/usr/bin/../lib/gcc/x86_64-linux-gnu/7.2.0 -L/usr/bin/../lib/gcc/x86_64-linux-gnu/7.2.0/../../../x86_64-linux-gnu -L/lib/x86_64-linux-gnu -L/lib/../lib64 -L/usr/lib/x86_64-linux-gnu -L/usr/bin/../lib/gcc/x86_64-linux-gnu/7.2.0/../../.. -L/usr/lib/llvm-3.8/bin/../lib -L/lib -L/usr/lib CMakeFiles/cmTC_c3e37.dir/CMakeCCompilerABI.c.o -lgcc --as-needed -lgcc_s --no-as-needed -lc -lgcc --as-needed -lgcc_s --no-as-needed /usr/bin/../lib/gcc/x86_64-linux-gnu/7.2.0/crtend.o /usr/bin/../lib/gcc/x86_64-linux-gnu/7.2.0/../../../x86_64-linux-gnu/crtn.o
make[2]: Leaving directory '/home/natan/Documents/Island_Life/island-life-game/build/CMakeFiles/CMakeTmp'
make[1]: Leaving directory '/home/natan/Documents/Island_Life/island-life-game/build/CMakeFiles/CMakeTmp'


Parsed C implicit link information from above output:
  link line regex: [^( *|.*[/\])(ld|CMAKE_LINK_STARTFILE-NOTFOUND|([^/\]+-)?ld|collect2)[^/\]*( |$)]
  ignore line: [Change Dir: /home/natan/Documents/Island_Life/island-life-game/build/CMakeFiles/CMakeTmp]
  ignore line: []
  ignore line: [Run Build Command:"/usr/bin/make" "cmTC_c3e37/fast"]
  ignore line: [make[1]: Entering directory '/home/natan/Documents/Island_Life/island-life-game/build/CMakeFiles/CMakeTmp']
  ignore line: [/usr/bin/make -f CMakeFiles/cmTC_c3e37.dir/build.make CMakeFiles/cmTC_c3e37.dir/build]
  ignore line: [make[2]: Entering directory '/home/natan/Documents/Island_Life/island-life-game/build/CMakeFiles/CMakeTmp']
  ignore line: [Building C object CMakeFiles/cmTC_c3e37.dir/CMakeCCompilerABI.c.o]
  ignore line: [/usr/bin/clang-3.8    -o CMakeFiles/cmTC_c3e37.dir/CMakeCCompilerABI.c.o   -c /usr/share/cmake-3.9/Modules/CMakeCCompilerABI.c]
  ignore line: [Linking C executable cmTC_c3e37]
  ignore line: [/usr/bin/cmake -E cmake_link_script CMakeFiles/cmTC_c3e37.dir/link.txt --verbose=1]
  ignore line: [/usr/bin/clang-3.8     -v -rdynamic CMakeFiles/cmTC_c3e37.dir/CMakeCCompilerABI.c.o  -o cmTC_c3e37 ]
  ignore line: [clang version 3.8.1-24ubuntu7 (tags/RELEASE_381/final)]
  ignore line: [Target: x86_64-pc-linux-gnu]
  ignore line: [Thread model: posix]
  ignore line: [InstalledDir: /usr/bin]
  ignore line: [Found candidate GCC installation: /usr/bin/../lib/gcc/x86_64-linux-gnu/5.4.1]
  ignore line: [Found candidate GCC installation: /usr/bin/../lib/gcc/x86_64-linux-gnu/6.4.0]
  ignore line: [Found candidate GCC installation: /usr/bin/../lib/gcc/x86_64-linux-gnu/7.2.0]
  ignore line: [Found candidate GCC installation: /usr/lib/gcc/x86_64-linux-gnu/5.4.1]
  ignore line: [Found candidate GCC installation: /usr/lib/gcc/x86_64-linux-gnu/6.4.0]
  ignore line: [Found candidate GCC installation: /usr/lib/gcc/x86_64-linux-gnu/7.2.0]
  ignore line: [Selected GCC installation: /usr/bin/../lib/gcc/x86_64-linux-gnu/7.2.0]
  ignore line: [Candidate multilib: .]
  ignore line: [@m64]
  ignore line: [Selected multilib: .]
  ignore line: [@m64]
  link line: [ "/usr/bin/ld" -export-dynamic --eh-frame-hdr -m elf_x86_64 -dynamic-linker /lib64/ld-linux-x86-64.so.2 -o cmTC_c3e37 /usr/bin/../lib/gcc/x86_64-linux-gnu/7.2.0/../../../x86_64-linux-gnu/crt1.o /usr/bin/../lib/gcc/x86_64-linux-gnu/7.2.0/../../../x86_64-linux-gnu/crti.o /usr/bin/../lib/gcc/x86_64-linux-gnu/7.2.0/crtbegin.o -L/usr/bin/../lib/gcc/x86_64-linux-gnu/7.2.0 -L/usr/bin/../lib/gcc/x86_64-linux-gnu/7.2.0/../../../x86_64-linux-gnu -L/lib/x86_64-linux-gnu -L/lib/../lib64 -L/usr/lib/x86_64-linux-gnu -L/usr/bin/../lib/gcc/x86_64-linux-gnu/7.2.0/../../.. -L/usr/lib/llvm-3.8/bin/../lib -L/lib -L/usr/lib CMakeFiles/cmTC_c3e37.dir/CMakeCCompilerABI.c.o -lgcc --as-needed -lgcc_s --no-as-needed -lc -lgcc --as-needed -lgcc_s --no-as-needed /usr/bin/../lib/gcc/x86_64-linux-gnu/7.2.0/crtend.o /usr/bin/../lib/gcc/x86_64-linux-gnu/7.2.0/../../../x86_64-linux-gnu/crtn.o]
    arg [/usr/bin/ld] ==> ignore
    arg [-export-dynamic] ==> ignore
    arg [--eh-frame-hdr] ==> ignore
    arg [-m] ==> ignore
    arg [elf_x86_64] ==> ignore
    arg [-dynamic-linker] ==> ignore
    arg [/lib64/ld-linux-x86-64.so.2] ==> ignore
    arg [-o] ==> ignore
    arg [cmTC_c3e37] ==> ignore
    arg [/usr/bin/../lib/gcc/x86_64-linux-gnu/7.2.0/../../../x86_64-linux-gnu/crt1.o] ==> ignore
    arg [/usr/bin/../lib/gcc/x86_64-linux-gnu/7.2.0/../../../x86_64-linux-gnu/crti.o] ==> ignore
    arg [/usr/bin/../lib/gcc/x86_64-linux-gnu/7.2.0/crtbegin.o] ==> ignore
    arg [-L/usr/bin/../lib/gcc/x86_64-linux-gnu/7.2.0] ==> dir [/usr/bin/../lib/gcc/x86_64-linux-gnu/7.2.0]
    arg [-L/usr/bin/../lib/gcc/x86_64-linux-gnu/7.2.0/../../../x86_64-linux-gnu] ==> dir [/usr/bin/../lib/gcc/x86_64-linux-gnu/7.2.0/../../../x86_64-linux-gnu]
    arg [-L/lib/x86_64-linux-gnu] ==> dir [/lib/x86_64-linux-gnu]
    arg [-L/lib/../lib64] ==> dir [/lib/../lib64]
    arg [-L/usr/lib/x86_64-linux-gnu] ==> dir [/usr/lib/x86_64-linux-gnu]
    arg [-L/usr/bin/../lib/gcc/x86_64-linux-gnu/7.2.0/../../..] ==> dir [/usr/bin/../lib/gcc/x86_64-linux-gnu/7.2.0/../../..]
    arg [-L/usr/lib/llvm-3.8/bin/../lib] ==> dir [/usr/lib/llvm-3.8/bin/../lib]
    arg [-L/lib] ==> dir [/lib]
    arg [-L/usr/lib] ==> dir [/usr/lib]
    arg [CMakeFiles/cmTC_c3e37.dir/CMakeCCompilerABI.c.o] ==> ignore
    arg [-lgcc] ==> lib [gcc]
    arg [--as-needed] ==> ignore
    arg [-lgcc_s] ==> lib [gcc_s]
    arg [--no-as-needed] ==> ignore
    arg [-lc] ==> lib [c]
    arg [-lgcc] ==> lib [gcc]
    arg [--as-needed] ==> ignore
    arg [-lgcc_s] ==> lib [gcc_s]
    arg [--no-as-needed] ==> ignore
    arg [/usr/bin/../lib/gcc/x86_64-linux-gnu/7.2.0/crtend.o] ==> ignore
    arg [/usr/bin/../lib/gcc/x86_64-linux-gnu/7.2.0/../../../x86_64-linux-gnu/crtn.o] ==> ignore
  collapse library dir [/usr/bin/../lib/gcc/x86_64-linux-gnu/7.2.0] ==> [/usr/lib/gcc/x86_64-linux-gnu/7.2.0]
  collapse library dir [/usr/bin/../lib/gcc/x86_64-linux-gnu/7.2.0/../../../x86_64-linux-gnu] ==> [/usr/lib/x86_64-linux-gnu]
  collapse library dir [/lib/x86_64-linux-gnu] ==> [/lib/x86_64-linux-gnu]
  collapse library dir [/lib/../lib64] ==> [/lib64]
  collapse library dir [/usr/lib/x86_64-linux-gnu] ==> [/usr/lib/x86_64-linux-gnu]
  collapse library dir [/usr/bin/../lib/gcc/x86_64-linux-gnu/7.2.0/../../..] ==> [/usr/lib]
  collapse library dir [/usr/lib/llvm-3.8/bin/../lib] ==> [/usr/lib/llvm-3.8/lib]
  collapse library dir [/lib] ==> [/lib]
  collapse library dir [/usr/lib] ==> [/usr/lib]
  implicit libs: [gcc;gcc_s;c;gcc;gcc_s]
  implicit dirs: [/usr/lib/gcc/x86_64-linux-gnu/7.2.0;/usr/lib/x86_64-linux-gnu;/lib/x86_64-linux-gnu;/lib64;/usr/lib;/usr/lib/llvm-3.8/lib;/lib]
  implicit fwks: []




Detecting C [-std=c11] compiler features compiled with the following output:
Change Dir: /home/natan/Documents/Island_Life/island-life-game/build/CMakeFiles/CMakeTmp

Run Build Command:"/usr/bin/make" "cmTC_11ae3/fast"
make[1]: Entering directory '/home/natan/Documents/Island_Life/island-life-game/build/CMakeFiles/CMakeTmp'
/usr/bin/make -f CMakeFiles/cmTC_11ae3.dir/build.make CMakeFiles/cmTC_11ae3.dir/build
make[2]: Entering directory '/home/natan/Documents/Island_Life/island-life-game/build/CMakeFiles/CMakeTmp'
Building C object CMakeFiles/cmTC_11ae3.dir/feature_tests.c.o
/usr/bin/clang-3.8   -std=c11 -o CMakeFiles/cmTC_11ae3.dir/feature_tests.c.o   -c /home/natan/Documents/Island_Life/island-life-game/build/CMakeFiles/feature_tests.c
Linking C executable cmTC_11ae3
/usr/bin/cmake -E cmake_link_script CMakeFiles/cmTC_11ae3.dir/link.txt --verbose=1
/usr/bin/clang-3.8      -rdynamic CMakeFiles/cmTC_11ae3.dir/feature_tests.c.o  -o cmTC_11ae3 
make[2]: Leaving directory '/home/natan/Documents/Island_Life/island-life-game/build/CMakeFiles/CMakeTmp'
make[1]: Leaving directory '/home/natan/Documents/Island_Life/island-life-game/build/CMakeFiles/CMakeTmp'


    Feature record: C_FEATURE:1c_function_prototypes
    Feature record: C_FEATURE:1c_restrict
    Feature record: C_FEATURE:1c_static_assert
    Feature record: C_FEATURE:1c_variadic_macros


Detecting C [-std=c99] compiler features compiled with the following output:
Change Dir: /home/natan/Documents/Island_Life/island-life-game/build/CMakeFiles/CMakeTmp

Run Build Command:"/usr/bin/make" "cmTC_b3d72/fast"
make[1]: Entering directory '/home/natan/Documents/Island_Life/island-life-game/build/CMakeFiles/CMakeTmp'
/usr/bin/make -f CMakeFiles/cmTC_b3d72.dir/build.make CMakeFiles/cmTC_b3d72.dir/build
make[2]: Entering directory '/home/natan/Documents/Island_Life/island-life-game/build/CMakeFiles/CMakeTmp'
Building C object CMakeFiles/cmTC_b3d72.dir/feature_tests.c.o
/usr/bin/clang-3.8   -std=c99 -o CMakeFiles/cmTC_b3d72.dir/feature_tests.c.o   -c /home/natan/Documents/Island_Life/island-life-game/build/CMakeFiles/feature_tests.c
Linking C executable cmTC_b3d72
/usr/bin/cmake -E cmake_link_script CMakeFiles/cmTC_b3d72.dir/link.txt --verbose=1
/usr/bin/clang-3.8      -rdynamic CMakeFiles/cmTC_b3d72.dir/feature_tests.c.o  -o cmTC_b3d72 
make[2]: Leaving directory '/home/natan/Documents/Island_Life/island-life-game/build/CMakeFiles/CMakeTmp'
make[1]: Leaving directory '/home/natan/Documents/Island_Life/island-life-game/build/CMakeFiles/CMakeTmp'


    Feature record: C_FEATURE:1c_function_prototypes
    Feature record: C_FEATURE:1c_restrict
    Feature record: C_FEATURE:0c_static_assert
    Feature record: C_FEATURE:1c_variadic_macros


Detecting C [-std=c90] compiler features compiled with the following output:
Change Dir: /home/natan/Documents/Island_Life/island-life-game/build/CMakeFiles/CMakeTmp

Run Build Command:"/usr/bin/make" "cmTC_2169a/fast"
make[1]: Entering directory '/home/natan/Documents/Island_Life/island-life-game/build/CMakeFiles/CMakeTmp'
/usr/bin/make -f CMakeFiles/cmTC_2169a.dir/build.make CMakeFiles/cmTC_2169a.dir/build
make[2]: Entering directory '/home/natan/Documents/Island_Life/island-life-game/build/CMakeFiles/CMakeTmp'
Building C object CMakeFiles/cmTC_2169a.dir/feature_tests.c.o
/usr/bin/clang-3.8   -std=c90 -o CMakeFiles/cmTC_2169a.dir/feature_tests.c.o   -c /home/natan/Documents/Island_Life/island-life-game/build/CMakeFiles/feature_tests.c
Linking C executable cmTC_2169a
/usr/bin/cmake -E cmake_link_script CMakeFiles/cmTC_2169a.dir/link.txt --verbose=1
/usr/bin/clang-3.8      -rdynamic CMakeFiles/cmTC_2169a.dir/feature_tests.c.o  -o cmTC_2169a 
make[2]: Leaving directory '/home/natan/Documents/Island_Life/island-life-game/build/CMakeFiles/CMakeTmp'
make[1]: Leaving directory '/home/natan/Documents/Island_Life/island-life-game/build/CMakeFiles/CMakeTmp'


    Feature record: C_FEATURE:1c_function_prototypes
    Feature record: C_FEATURE:0c_restrict
    Feature record: C_FEATURE:0c_static_assert
    Feature record: C_FEATURE:0c_variadic_macros
Determining if the CXX compiler works passed with the following output:
Change Dir: /home/natan/Documents/Island_Life/island-life-game/build/CMakeFiles/CMakeTmp

Run Build Command:"/usr/bin/make" "cmTC_61740/fast"
make[1]: Entering directory '/home/natan/Documents/Island_Life/island-life-game/build/CMakeFiles/CMakeTmp'
/usr/bin/make -f CMakeFiles/cmTC_61740.dir/build.make CMakeFiles/cmTC_61740.dir/build
make[2]: Entering directory '/home/natan/Documents/Island_Life/island-life-game/build/CMakeFiles/CMakeTmp'
Building CXX object CMakeFiles/cmTC_61740.dir/testCXXCompiler.cxx.o
/usr/bin/clang++-3.8     -o CMakeFiles/cmTC_61740.dir/testCXXCompiler.cxx.o -c /home/natan/Documents/Island_Life/island-life-game/build/CMakeFiles/CMakeTmp/testCXXCompiler.cxx
Linking CXX executable cmTC_61740
/usr/bin/cmake -E cmake_link_script CMakeFiles/cmTC_61740.dir/link.txt --verbose=1
/usr/bin/clang++-3.8       -rdynamic CMakeFiles/cmTC_61740.dir/testCXXCompiler.cxx.o  -o cmTC_61740 
make[2]: Leaving directory '/home/natan/Documents/Island_Life/island-life-game/build/CMakeFiles/CMakeTmp'
make[1]: Leaving directory '/home/natan/Documents/Island_Life/island-life-game/build/CMakeFiles/CMakeTmp'


Detecting CXX compiler ABI info compiled with the following output:
Change Dir: /home/natan/Documents/Island_Life/island-life-game/build/CMakeFiles/CMakeTmp

Run Build Command:"/usr/bin/make" "cmTC_3b1dd/fast"
make[1]: Entering directory '/home/natan/Documents/Island_Life/island-life-game/build/CMakeFiles/CMakeTmp'
/usr/bin/make -f CMakeFiles/cmTC_3b1dd.dir/build.make CMakeFiles/cmTC_3b1dd.dir/build
make[2]: Entering directory '/home/natan/Documents/Island_Life/island-life-game/build/CMakeFiles/CMakeTmp'
Building CXX object CMakeFiles/cmTC_3b1dd.dir/CMakeCXXCompilerABI.cpp.o
/usr/bin/clang++-3.8     -o CMakeFiles/cmTC_3b1dd.dir/CMakeCXXCompilerABI.cpp.o -c /usr/share/cmake-3.9/Modules/CMakeCXXCompilerABI.cpp
Linking CXX executable cmTC_3b1dd
/usr/bin/cmake -E cmake_link_script CMakeFiles/cmTC_3b1dd.dir/link.txt --verbose=1
/usr/bin/clang++-3.8      -v -rdynamic CMakeFiles/cmTC_3b1dd.dir/CMakeCXXCompilerABI.cpp.o  -o cmTC_3b1dd 
clang version 3.8.1-24ubuntu7 (tags/RELEASE_381/final)
Target: x86_64-pc-linux-gnu
Thread model: posix
InstalledDir: /usr/bin
Found candidate GCC installation: /usr/bin/../lib/gcc/x86_64-linux-gnu/5.4.1
Found candidate GCC installation: /usr/bin/../lib/gcc/x86_64-linux-gnu/6.4.0
Found candidate GCC installation: /usr/bin/../lib/gcc/x86_64-linux-gnu/7.2.0
Found candidate GCC installation: /usr/lib/gcc/x86_64-linux-gnu/5.4.1
Found candidate GCC installation: /usr/lib/gcc/x86_64-linux-gnu/6.4.0
Found candidate GCC installation: /usr/lib/gcc/x86_64-linux-gnu/7.2.0
Selected GCC installation: /usr/bin/../lib/gcc/x86_64-linux-gnu/7.2.0
Candidate multilib: .;@m64
Selected multilib: .;@m64
 "/usr/bin/ld" -export-dynamic --eh-frame-hdr -m elf_x86_64 -dynamic-linker /lib64/ld-linux-x86-64.so.2 -o cmTC_3b1dd /usr/bin/../lib/gcc/x86_64-linux-gnu/7.2.0/../../../x86_64-linux-gnu/crt1.o /usr/bin/../lib/gcc/x86_64-linux-gnu/7.2.0/../../../x86_64-linux-gnu/crti.o /usr/bin/../lib/gcc/x86_64-linux-gnu/7.2.0/crtbegin.o -L/usr/bin/../lib/gcc/x86_64-linux-gnu/7.2.0 -L/usr/bin/../lib/gcc/x86_64-linux-gnu/7.2.0/../../../x86_64-linux-gnu -L/lib/x86_64-linux-gnu -L/lib/../lib64 -L/usr/lib/x86_64-linux-gnu -L/usr/bin/../lib/gcc/x86_64-linux-gnu/7.2.0/../../.. -L/usr/lib/llvm-3.8/bin/../lib -L/lib -L/usr/lib CMakeFiles/cmTC_3b1dd.dir/CMakeCXXCompilerABI.cpp.o -lstdc++ -lm -lgcc_s -lgcc -lc -lgcc_s -lgcc /usr/bin/../lib/gcc/x86_64-linux-gnu/7.2.0/crtend.o /usr/bin/../lib/gcc/x86_64-linux-gnu/7.2.0/../../../x86_64-linux-gnu/crtn.o
make[2]: Leaving directory '/home/natan/Documents/Island_Life/island-life-game/build/CMakeFiles/CMakeTmp'
make[1]: Leaving directory '/home/natan/Documents/Island_Life/island-life-game/build/CMakeFiles/CMakeTmp'


Parsed CXX implicit link information from above output:
  link line regex: [^( *|.*[/\])(ld|CMAKE_LINK_STARTFILE-NOTFOUND|([^/\]+-)?ld|collect2)[^/\]*( |$)]
  ignore line: [Change Dir: /home/natan/Documents/Island_Life/island-life-game/build/CMakeFiles/CMakeTmp]
  ignore line: []
  ignore line: [Run Build Command:"/usr/bin/make" "cmTC_3b1dd/fast"]
  ignore line: [make[1]: Entering directory '/home/natan/Documents/Island_Life/island-life-game/build/CMakeFiles/CMakeTmp']
  ignore line: [/usr/bin/make -f CMakeFiles/cmTC_3b1dd.dir/build.make CMakeFiles/cmTC_3b1dd.dir/build]
  ignore line: [make[2]: Entering directory '/home/natan/Documents/Island_Life/island-life-game/build/CMakeFiles/CMakeTmp']
  ignore line: [Building CXX object CMakeFiles/cmTC_3b1dd.dir/CMakeCXXCompilerABI.cpp.o]
  ignore line: [/usr/bin/clang++-3.8     -o CMakeFiles/cmTC_3b1dd.dir/CMakeCXXCompilerABI.cpp.o -c /usr/share/cmake-3.9/Modules/CMakeCXXCompilerABI.cpp]
  ignore line: [Linking CXX executable cmTC_3b1dd]
  ignore line: [/usr/bin/cmake -E cmake_link_script CMakeFiles/cmTC_3b1dd.dir/link.txt --verbose=1]
  ignore line: [/usr/bin/clang++-3.8      -v -rdynamic CMakeFiles/cmTC_3b1dd.dir/CMakeCXXCompilerABI.cpp.o  -o cmTC_3b1dd ]
  ignore line: [clang version 3.8.1-24ubuntu7 (tags/RELEASE_381/final)]
  ignore line: [Target: x86_64-pc-linux-gnu]
  ignore line: [Thread model: posix]
  ignore line: [InstalledDir: /usr/bin]
  ignore line: [Found candidate GCC installation: /usr/bin/../lib/gcc/x86_64-linux-gnu/5.4.1]
  ignore line: [Found candidate GCC installation: /usr/bin/../lib/gcc/x86_64-linux-gnu/6.4.0]
  ignore line: [Found candidate GCC installation: /usr/bin/../lib/gcc/x86_64-linux-gnu/7.2.0]
  ignore line: [Found candidate GCC installation: /usr/lib/gcc/x86_64-linux-gnu/5.4.1]
  ignore line: [Found candidate GCC installation: /usr/lib/gcc/x86_64-linux-gnu/6.4.0]
  ignore line: [Found candidate GCC installation: /usr/lib/gcc/x86_64-linux-gnu/7.2.0]
  ignore line: [Selected GCC installation: /usr/bin/../lib/gcc/x86_64-linux-gnu/7.2.0]
  ignore line: [Candidate multilib: .]
  ignore line: [@m64]
  ignore line: [Selected multilib: .]
  ignore line: [@m64]
  link line: [ "/usr/bin/ld" -export-dynamic --eh-frame-hdr -m elf_x86_64 -dynamic-linker /lib64/ld-linux-x86-64.so.2 -o cmTC_3b1dd /usr/bin/../lib/gcc/x86_64-linux-gnu/7.2.0/../../../x86_64-linux-gnu/crt1.o /usr/bin/../lib/gcc/x86_64-linux-gnu/7.2.0/../../../x86_64-linux-gnu/crti.o /usr/bin/../lib/gcc/x86_64-linux-gnu/7.2.0/crtbegin.o -L/usr/bin/../lib/gcc/x86_64-linux-gnu/7.2.0 -L/usr/bin/../lib/gcc/x86_64-linux-gnu/7.2.0/../../../x86_64-linux-gnu -L/lib/x86_64-linux-gnu -L/lib/../lib64 -L/usr/lib/x86_64-linux-gnu -L/usr/bin/../lib/gcc/x86_64-linux-gnu/7.2.0/../../.. -L/usr/lib/llvm-3.8/bin/../lib -L/lib -L/usr/lib CMakeFiles/cmTC_3b1dd.dir/CMakeCXXCompilerABI.cpp.o -lstdc++ -lm -lgcc_s -lgcc -lc -lgcc_s -lgcc /usr/bin/../lib/gcc/x86_64-linux-gnu/7.2.0/crtend.o /usr/bin/../lib/gcc/x86_64-linux-gnu/7.2.0/../../../x86_64-linux-gnu/crtn.o]
    arg [/usr/bin/ld] ==> ignore
    arg [-export-dynamic] ==> ignore
    arg [--eh-frame-hdr] ==> ignore
    arg [-m] ==> ignore
    arg [elf_x86_64] ==> ignore
    arg [-dynamic-linker] ==> ignore
    arg [/lib64/ld-linux-x86-64.so.2] ==> ignore
    arg [-o] ==> ignore
    arg [cmTC_3b1dd] ==> ignore
    arg [/usr/bin/../lib/gcc/x86_64-linux-gnu/7.2.0/../../../x86_64-linux-gnu/crt1.o] ==> ignore
    arg [/usr/bin/../lib/gcc/x86_64-linux-gnu/7.2.0/../../../x86_64-linux-gnu/crti.o] ==> ignore
    arg [/usr/bin/../lib/gcc/x86_64-linux-gnu/7.2.0/crtbegin.o] ==> ignore
    arg [-L/usr/bin/../lib/gcc/x86_64-linux-gnu/7.2.0] ==> dir [/usr/bin/../lib/gcc/x86_64-linux-gnu/7.2.0]
    arg [-L/usr/bin/../lib/gcc/x86_64-linux-gnu/7.2.0/../../../x86_64-linux-gnu] ==> dir [/usr/bin/../lib/gcc/x86_64-linux-gnu/7.2.0/../../../x86_64-linux-gnu]
    arg [-L/lib/x86_64-linux-gnu] ==> dir [/lib/x86_64-linux-gnu]
    arg [-L/lib/../lib64] ==> dir [/lib/../lib64]
    arg [-L/usr/lib/x86_64-linux-gnu] ==> dir [/usr/lib/x86_64-linux-gnu]
    arg [-L/usr/bin/../lib/gcc/x86_64-linux-gnu/7.2.0/../../..] ==> dir [/usr/bin/../lib/gcc/x86_64-linux-gnu/7.2.0/../../..]
    arg [-L/usr/lib/llvm-3.8/bin/../lib] ==> dir [/usr/lib/llvm-3.8/bin/../lib]
    arg [-L/lib] ==> dir [/lib]
    arg [-L/usr/lib] ==> dir [/usr/lib]
    arg [CMakeFiles/cmTC_3b1dd.dir/CMakeCXXCompilerABI.cpp.o] ==> ignore
    arg [-lstdc++] ==> lib [stdc++]
    arg [-lm] ==> lib [m]
    arg [-lgcc_s] ==> lib [gcc_s]
    arg [-lgcc] ==> lib [gcc]
    arg [-lc] ==> lib [c]
    arg [-lgcc_s] ==> lib [gcc_s]
    arg [-lgcc] ==> lib [gcc]
    arg [/usr/bin/../lib/gcc/x86_64-linux-gnu/7.2.0/crtend.o] ==> ignore
    arg [/usr/bin/../lib/gcc/x86_64-linux-gnu/7.2.0/../../../x86_64-linux-gnu/crtn.o] ==> ignore
  collapse library dir [/usr/bin/../lib/gcc/x86_64-linux-gnu/7.2.0] ==> [/usr/lib/gcc/x86_64-linux-gnu/7.2.0]
  collapse library dir [/usr/bin/../lib/gcc/x86_64-linux-gnu/7.2.0/../../../x86_64-linux-gnu] ==> [/usr/lib/x86_64-linux-gnu]
  collapse library dir [/lib/x86_64-linux-gnu] ==> [/lib/x86_64-linux-gnu]
  collapse library dir [/lib/../lib64] ==> [/lib64]
  collapse library dir [/usr/lib/x86_64-linux-gnu] ==> [/usr/lib/x86_64-linux-gnu]
  collapse library dir [/usr/bin/../lib/gcc/x86_64-linux-gnu/7.2.0/../../..] ==> [/usr/lib]
  collapse library dir [/usr/lib/llvm-3.8/bin/../lib] ==> [/usr/lib/llvm-3.8/lib]
  collapse library dir [/lib] ==> [/lib]
  collapse library dir [/usr/lib] ==> [/usr/lib]
  implicit libs: [stdc++;m;gcc_s;gcc;c;gcc_s;gcc]
  implicit dirs: [/usr/lib/gcc/x86_64-linux-gnu/7.2.0;/usr/lib/x86_64-linux-gnu;/lib/x86_64-linux-gnu;/lib64;/usr/lib;/usr/lib/llvm-3.8/lib;/lib]
  implicit fwks: []




Detecting CXX [-std=c++1z] compiler features compiled with the following output:
Change Dir: /home/natan/Documents/Island_Life/island-life-game/build/CMakeFiles/CMakeTmp

Run Build Command:"/usr/bin/make" "cmTC_0c6ff/fast"
make[1]: Entering directory '/home/natan/Documents/Island_Life/island-life-game/build/CMakeFiles/CMakeTmp'
/usr/bin/make -f CMakeFiles/cmTC_0c6ff.dir/build.make CMakeFiles/cmTC_0c6ff.dir/build
make[2]: Entering directory '/home/natan/Documents/Island_Life/island-life-game/build/CMakeFiles/CMakeTmp'
Building CXX object CMakeFiles/cmTC_0c6ff.dir/feature_tests.cxx.o
/usr/bin/clang++-3.8    -std=c++1z -o CMakeFiles/cmTC_0c6ff.dir/feature_tests.cxx.o -c /home/natan/Documents/Island_Life/island-life-game/build/CMakeFiles/feature_tests.cxx
Linking CXX executable cmTC_0c6ff
/usr/bin/cmake -E cmake_link_script CMakeFiles/cmTC_0c6ff.dir/link.txt --verbose=1
/usr/bin/clang++-3.8       -rdynamic CMakeFiles/cmTC_0c6ff.dir/feature_tests.cxx.o  -o cmTC_0c6ff 
make[2]: Leaving directory '/home/natan/Documents/Island_Life/island-life-game/build/CMakeFiles/CMakeTmp'
make[1]: Leaving directory '/home/natan/Documents/Island_Life/island-life-game/build/CMakeFiles/CMakeTmp'


    Feature record: CXX_FEATURE:1cxx_aggregate_default_initializers
    Feature record: CXX_FEATURE:1cxx_alias_templates
    Feature record: CXX_FEATURE:1cxx_alignas
    Feature record: CXX_FEATURE:1cxx_alignof
    Feature record: CXX_FEATURE:1cxx_attributes
    Feature record: CXX_FEATURE:1cxx_attribute_deprecated
    Feature record: CXX_FEATURE:1cxx_auto_type
    Feature record: CXX_FEATURE:1cxx_binary_literals
    Feature record: CXX_FEATURE:1cxx_constexpr
    Feature record: CXX_FEATURE:1cxx_contextual_conversions
    Feature record: CXX_FEATURE:1cxx_decltype
    Feature record: CXX_FEATURE:1cxx_decltype_auto
    Feature record: CXX_FEATURE:1cxx_decltype_incomplete_return_types
    Feature record: CXX_FEATURE:1cxx_default_function_template_args
    Feature record: CXX_FEATURE:1cxx_defaulted_functions
    Feature record: CXX_FEATURE:1cxx_defaulted_move_initializers
    Feature record: CXX_FEATURE:1cxx_delegating_constructors
    Feature record: CXX_FEATURE:1cxx_deleted_functions
    Feature record: CXX_FEATURE:1cxx_digit_separators
    Feature record: CXX_FEATURE:1cxx_enum_forward_declarations
    Feature record: CXX_FEATURE:1cxx_explicit_conversions
    Feature record: CXX_FEATURE:1cxx_extended_friend_declarations
    Feature record: CXX_FEATURE:1cxx_extern_templates
    Feature record: CXX_FEATURE:1cxx_final
    Feature record: CXX_FEATURE:1cxx_func_identifier
    Feature record: CXX_FEATURE:1cxx_generalized_initializers
    Feature record: CXX_FEATURE:1cxx_generic_lambdas
    Feature record: CXX_FEATURE:1cxx_inheriting_constructors
    Feature record: CXX_FEATURE:1cxx_inline_namespaces
    Feature record: CXX_FEATURE:1cxx_lambdas
    Feature record: CXX_FEATURE:1cxx_lambda_init_captures
    Feature record: CXX_FEATURE:1cxx_local_type_template_args
    Feature record: CXX_FEATURE:1cxx_long_long_type
    Feature record: CXX_FEATURE:1cxx_noexcept
    Feature record: CXX_FEATURE:1cxx_nonstatic_member_init
    Feature record: CXX_FEATURE:1cxx_nullptr
    Feature record: CXX_FEATURE:1cxx_override
    Feature record: CXX_FEATURE:1cxx_range_for
    Feature record: CXX_FEATURE:1cxx_raw_string_literals
    Feature record: CXX_FEATURE:1cxx_reference_qualified_functions
    Feature record: CXX_FEATURE:1cxx_relaxed_constexpr
    Feature record: CXX_FEATURE:1cxx_return_type_deduction
    Feature record: CXX_FEATURE:1cxx_right_angle_brackets
    Feature record: CXX_FEATURE:1cxx_rvalue_references
    Feature record: CXX_FEATURE:1cxx_sizeof_member
    Feature record: CXX_FEATURE:1cxx_static_assert
    Feature record: CXX_FEATURE:1cxx_strong_enums
    Feature record: CXX_FEATURE:1cxx_template_template_parameters
    Feature record: CXX_FEATURE:1cxx_thread_local
    Feature record: CXX_FEATURE:1cxx_trailing_return_types
    Feature record: CXX_FEATURE:1cxx_unicode_literals
    Feature record: CXX_FEATURE:1cxx_uniform_initialization
    Feature record: CXX_FEATURE:1cxx_unrestricted_unions
    Feature record: CXX_FEATURE:1cxx_user_literals
    Feature record: CXX_FEATURE:1cxx_variable_templates
    Feature record: CXX_FEATURE:1cxx_variadic_macros
    Feature record: CXX_FEATURE:1cxx_variadic_templates


Detecting CXX [-std=c++14] compiler features compiled with the following output:
Change Dir: /home/natan/Documents/Island_Life/island-life-game/build/CMakeFiles/CMakeTmp

Run Build Command:"/usr/bin/make" "cmTC_43499/fast"
make[1]: Entering directory '/home/natan/Documents/Island_Life/island-life-game/build/CMakeFiles/CMakeTmp'
/usr/bin/make -f CMakeFiles/cmTC_43499.dir/build.make CMakeFiles/cmTC_43499.dir/build
make[2]: Entering directory '/home/natan/Documents/Island_Life/island-life-game/build/CMakeFiles/CMakeTmp'
Building CXX object CMakeFiles/cmTC_43499.dir/feature_tests.cxx.o
/usr/bin/clang++-3.8    -std=c++14 -o CMakeFiles/cmTC_43499.dir/feature_tests.cxx.o -c /home/natan/Documents/Island_Life/island-life-game/build/CMakeFiles/feature_tests.cxx
Linking CXX executable cmTC_43499
/usr/bin/cmake -E cmake_link_script CMakeFiles/cmTC_43499.dir/link.txt --verbose=1
/usr/bin/clang++-3.8       -rdynamic CMakeFiles/cmTC_43499.dir/feature_tests.cxx.o  -o cmTC_43499 
make[2]: Leaving directory '/home/natan/Documents/Island_Life/island-life-game/build/CMakeFiles/CMakeTmp'
make[1]: Leaving directory '/home/natan/Documents/Island_Life/island-life-game/build/CMakeFiles/CMakeTmp'


    Feature record: CXX_FEATURE:1cxx_aggregate_default_initializers
    Feature record: CXX_FEATURE:1cxx_alias_templates
    Feature record: CXX_FEATURE:1cxx_alignas
    Feature record: CXX_FEATURE:1cxx_alignof
    Feature record: CXX_FEATURE:1cxx_attributes
    Feature record: CXX_FEATURE:1cxx_attribute_deprecated
    Feature record: CXX_FEATURE:1cxx_auto_type
    Feature record: CXX_FEATURE:1cxx_binary_literals
    Feature record: CXX_FEATURE:1cxx_constexpr
    Feature record: CXX_FEATURE:1cxx_contextual_conversions
    Feature record: CXX_FEATURE:1cxx_decltype
    Feature record: CXX_FEATURE:1cxx_decltype_auto
    Feature record: CXX_FEATURE:1cxx_decltype_incomplete_return_types
    Feature record: CXX_FEATURE:1cxx_default_function_template_args
    Feature record: CXX_FEATURE:1cxx_defaulted_functions
    Feature record: CXX_FEATURE:1cxx_defaulted_move_initializers
    Feature record: CXX_FEATURE:1cxx_delegating_constructors
    Feature record: CXX_FEATURE:1cxx_deleted_functions
    Feature record: CXX_FEATURE:1cxx_digit_separators
    Feature record: CXX_FEATURE:1cxx_enum_forward_declarations
    Feature record: CXX_FEATURE:1cxx_explicit_conversions
    Feature record: CXX_FEATURE:1cxx_extended_friend_declarations
    Feature record: CXX_FEATURE:1cxx_extern_templates
    Feature record: CXX_FEATURE:1cxx_final
    Feature record: CXX_FEATURE:1cxx_func_identifier
    Feature record: CXX_FEATURE:1cxx_generalized_initializers
    Feature record: CXX_FEATURE:1cxx_generic_lambdas
    Feature record: CXX_FEATURE:1cxx_inheriting_constructors
    Feature record: CXX_FEATURE:1cxx_inline_namespaces
    Feature record: CXX_FEATURE:1cxx_lambdas
    Feature record: CXX_FEATURE:1cxx_lambda_init_captures
    Feature record: CXX_FEATURE:1cxx_local_type_template_args
    Feature record: CXX_FEATURE:1cxx_long_long_type
    Feature record: CXX_FEATURE:1cxx_noexcept
    Feature record: CXX_FEATURE:1cxx_nonstatic_member_init
    Feature record: CXX_FEATURE:1cxx_nullptr
    Feature record: CXX_FEATURE:1cxx_override
    Feature record: CXX_FEATURE:1cxx_range_for
    Feature record: CXX_FEATURE:1cxx_raw_string_literals
    Feature record: CXX_FEATURE:1cxx_reference_qualified_functions
    Feature record: CXX_FEATURE:1cxx_relaxed_constexpr
    Feature record: CXX_FEATURE:1cxx_return_type_deduction
    Feature record: CXX_FEATURE:1cxx_right_angle_brackets
    Feature record: CXX_FEATURE:1cxx_rvalue_references
    Feature record: CXX_FEATURE:1cxx_sizeof_member
    Feature record: CXX_FEATURE:1cxx_static_assert
    Feature record: CXX_FEATURE:1cxx_strong_enums
    Feature record: CXX_FEATURE:1cxx_template_template_parameters
    Feature record: CXX_FEATURE:1cxx_thread_local
    Feature record: CXX_FEATURE:1cxx_trailing_return_types
    Feature record: CXX_FEATURE:1cxx_unicode_literals
    Feature record: CXX_FEATURE:1cxx_uniform_initialization
    Feature record: CXX_FEATURE:1cxx_unrestricted_unions
    Feature record: CXX_FEATURE:1cxx_user_literals
    Feature record: CXX_FEATURE:1cxx_variable_templates
    Feature record: CXX_FEATURE:1cxx_variadic_macros
    Feature record: CXX_FEATURE:1cxx_variadic_templates


Detecting CXX [-std=c++11] compiler features compiled with the following output:
Change Dir: /home/natan/Documents/Island_Life/island-life-game/build/CMakeFiles/CMakeTmp

Run Build Command:"/usr/bin/make" "cmTC_a3a4b/fast"
make[1]: Entering directory '/home/natan/Documents/Island_Life/island-life-game/build/CMakeFiles/CMakeTmp'
/usr/bin/make -f CMakeFiles/cmTC_a3a4b.dir/build.make CMakeFiles/cmTC_a3a4b.dir/build
make[2]: Entering directory '/home/natan/Documents/Island_Life/island-life-game/build/CMakeFiles/CMakeTmp'
Building CXX object CMakeFiles/cmTC_a3a4b.dir/feature_tests.cxx.o
/usr/bin/clang++-3.8    -std=c++11 -o CMakeFiles/cmTC_a3a4b.dir/feature_tests.cxx.o -c /home/natan/Documents/Island_Life/island-life-game/build/CMakeFiles/feature_tests.cxx
Linking CXX executable cmTC_a3a4b
/usr/bin/cmake -E cmake_link_script CMakeFiles/cmTC_a3a4b.dir/link.txt --verbose=1
/usr/bin/clang++-3.8       -rdynamic CMakeFiles/cmTC_a3a4b.dir/feature_tests.cxx.o  -o cmTC_a3a4b 
make[2]: Leaving directory '/home/natan/Documents/Island_Life/island-life-game/build/CMakeFiles/CMakeTmp'
make[1]: Leaving directory '/home/natan/Documents/Island_Life/island-life-game/build/CMakeFiles/CMakeTmp'


    Feature record: CXX_FEATURE:0cxx_aggregate_default_initializers
    Feature record: CXX_FEATURE:1cxx_alias_templates
    Feature record: CXX_FEATURE:1cxx_alignas
    Feature record: CXX_FEATURE:1cxx_alignof
    Feature record: CXX_FEATURE:1cxx_attributes
    Feature record: CXX_FEATURE:0cxx_attribute_deprecated
    Feature record: CXX_FEATURE:1cxx_auto_type
    Feature record: CXX_FEATURE:0cxx_binary_literals
    Feature record: CXX_FEATURE:1cxx_constexpr
    Feature record: CXX_FEATURE:0cxx_contextual_conversions
    Feature record: CXX_FEATURE:1cxx_decltype
    Feature record: CXX_FEATURE:0cxx_decltype_auto
    Feature record: CXX_FEATURE:1cxx_decltype_incomplete_return_types
    Feature record: CXX_FEATURE:1cxx_default_function_template_args
    Feature record: CXX_FEATURE:1cxx_defaulted_functions
    Feature record: CXX_FEATURE:1cxx_defaulted_move_initializers
    Feature record: CXX_FEATURE:1cxx_delegating_constructors
    Feature record: CXX_FEATURE:1cxx_deleted_functions
    Feature record: CXX_FEATURE:0cxx_digit_separators
    Feature record: CXX_FEATURE:1cxx_enum_forward_declarations
    Feature record: CXX_FEATURE:1cxx_explicit_conversions
    Feature record: CXX_FEATURE:1cxx_extended_friend_declarations
    Feature record: CXX_FEATURE:1cxx_extern_templates
    Feature record: CXX_FEATURE:1cxx_final
    Feature record: CXX_FEATURE:1cxx_func_identifier
    Feature record: CXX_FEATURE:1cxx_generalized_initializers
    Feature record: CXX_FEATURE:0cxx_generic_lambdas
    Feature record: CXX_FEATURE:1cxx_inheriting_constructors
    Feature record: CXX_FEATURE:1cxx_inline_namespaces
    Feature record: CXX_FEATURE:1cxx_lambdas
    Feature record: CXX_FEATURE:0cxx_lambda_init_captures
    Feature record: CXX_FEATURE:1cxx_local_type_template_args
    Feature record: CXX_FEATURE:1cxx_long_long_type
    Feature record: CXX_FEATURE:1cxx_noexcept
    Feature record: CXX_FEATURE:1cxx_nonstatic_member_init
    Feature record: CXX_FEATURE:1cxx_nullptr
    Feature record: CXX_FEATURE:1cxx_override
    Feature record: CXX_FEATURE:1cxx_range_for
    Feature record: CXX_FEATURE:1cxx_raw_string_literals
    Feature record: CXX_FEATURE:1cxx_reference_qualified_functions
    Feature record: CXX_FEATURE:0cxx_relaxed_constexpr
    Feature record: CXX_FEATURE:0cxx_return_type_deduction
    Feature record: CXX_FEATURE:1cxx_right_angle_brackets
    Feature record: CXX_FEATURE:1cxx_rvalue_references
    Feature record: CXX_FEATURE:1cxx_sizeof_member
    Feature record: CXX_FEATURE:1cxx_static_assert
    Feature record: CXX_FEATURE:1cxx_strong_enums
    Feature record: CXX_FEATURE:1cxx_template_template_parameters
    Feature record: CXX_FEATURE:1cxx_thread_local
    Feature record: CXX_FEATURE:1cxx_trailing_return_types
    Feature record: CXX_FEATURE:1cxx_unicode_literals
    Feature record: CXX_FEATURE:1cxx_uniform_initialization
    Feature record: CXX_FEATURE:1cxx_unrestricted_unions
    Feature record: CXX_FEATURE:1cxx_user_literals
    Feature record: CXX_FEATURE:0cxx_variable_templates
    Feature record: CXX_FEATURE:1cxx_variadic_macros
    Feature record: CXX_FEATURE:1cxx_variadic_templates


Detecting CXX [-std=c++98] compiler features compiled with the following output:
Change Dir: /home/natan/Documents/Island_Life/island-life-game/build/CMakeFiles/CMakeTmp

Run Build Command:"/usr/bin/make" "cmTC_08936/fast"
make[1]: Entering directory '/home/natan/Documents/Island_Life/island-life-game/build/CMakeFiles/CMakeTmp'
/usr/bin/make -f CMakeFiles/cmTC_08936.dir/build.make CMakeFiles/cmTC_08936.dir/build
make[2]: Entering directory '/home/natan/Documents/Island_Life/island-life-game/build/CMakeFiles/CMakeTmp'
Building CXX object CMakeFiles/cmTC_08936.dir/feature_tests.cxx.o
/usr/bin/clang++-3.8    -std=c++98 -o CMakeFiles/cmTC_08936.dir/feature_tests.cxx.o -c /home/natan/Documents/Island_Life/island-life-game/build/CMakeFiles/feature_tests.cxx
Linking CXX executable cmTC_08936
/usr/bin/cmake -E cmake_link_script CMakeFiles/cmTC_08936.dir/link.txt --verbose=1
/usr/bin/clang++-3.8       -rdynamic CMakeFiles/cmTC_08936.dir/feature_tests.cxx.o  -o cmTC_08936 
make[2]: Leaving directory '/home/natan/Documents/Island_Life/island-life-game/build/CMakeFiles/CMakeTmp'
make[1]: Leaving directory '/home/natan/Documents/Island_Life/island-life-game/build/CMakeFiles/CMakeTmp'


    Feature record: CXX_FEATURE:0cxx_aggregate_default_initializers
    Feature record: CXX_FEATURE:0cxx_alias_templates
    Feature record: CXX_FEATURE:0cxx_alignas
    Feature record: CXX_FEATURE:0cxx_alignof
    Feature record: CXX_FEATURE:0cxx_attributes
    Feature record: CXX_FEATURE:0cxx_attribute_deprecated
    Feature record: CXX_FEATURE:0cxx_auto_type
    Feature record: CXX_FEATURE:0cxx_binary_literals
    Feature record: CXX_FEATURE:0cxx_constexpr
    Feature record: CXX_FEATURE:0cxx_contextual_conversions
    Feature record: CXX_FEATURE:0cxx_decltype
    Feature record: CXX_FEATURE:0cxx_decltype_auto
    Feature record: CXX_FEATURE:0cxx_decltype_incomplete_return_types
    Feature record: CXX_FEATURE:0cxx_default_function_template_args
    Feature record: CXX_FEATURE:0cxx_defaulted_functions
    Feature record: CXX_FEATURE:0cxx_defaulted_move_initializers
    Feature record: CXX_FEATURE:0cxx_delegating_constructors
    Feature record: CXX_FEATURE:0cxx_deleted_functions
    Feature record: CXX_FEATURE:0cxx_digit_separators
    Feature record: CXX_FEATURE:0cxx_enum_forward_declarations
    Feature record: CXX_FEATURE:0cxx_explicit_conversions
    Feature record: CXX_FEATURE:0cxx_extended_friend_declarations
    Feature record: CXX_FEATURE:0cxx_extern_templates
    Feature record: CXX_FEATURE:0cxx_final
    Feature record: CXX_FEATURE:0cxx_func_identifier
    Feature record: CXX_FEATURE:0cxx_generalized_initializers
    Feature record: CXX_FEATURE:0cxx_generic_lambdas
    Feature record: CXX_FEATURE:0cxx_inheriting_constructors
    Feature record: CXX_FEATURE:0cxx_inline_namespaces
    Feature record: CXX_FEATURE:0cxx_lambdas
    Feature record: CXX_FEATURE:0cxx_lambda_init_captures
    Feature record: CXX_FEATURE:0cxx_local_type_template_args
    Feature record: CXX_FEATURE:0cxx_long_long_type
    Feature record: CXX_FEATURE:0cxx_noexcept
    Feature record: CXX_FEATURE:0cxx_nonstatic_member_init
    Feature record: CXX_FEATURE:0cxx_nullptr
    Feature record: CXX_FEATURE:0cxx_override
    Feature record: CXX_FEATURE:0cxx_range_for
    Feature record: CXX_FEATURE:0cxx_raw_string_literals
    Feature record: CXX_FEATURE:0cxx_reference_qualified_functions
    Feature record: CXX_FEATURE:0cxx_relaxed_constexpr
    Feature record: CXX_FEATURE:0cxx_return_type_deduction
    Feature record: CXX_FEATURE:0cxx_right_angle_brackets
    Feature record: CXX_FEATURE:0cxx_rvalue_references
    Feature record: CXX_FEATURE:0cxx_sizeof_member
    Feature record: CXX_FEATURE:0cxx_static_assert
    Feature record: CXX_FEATURE:0cxx_strong_enums
    Feature record: CXX_FEATURE:1cxx_template_template_parameters
    Feature record: CXX_FEATURE:0cxx_thread_local
    Feature record: CXX_FEATURE:0cxx_trailing_return_types
    Feature record: CXX_FEATURE:0cxx_unicode_literals
    Feature record: CXX_FEATURE:0cxx_uniform_initialization
    Feature record: CXX_FEATURE:0cxx_unrestricted_unions
    Feature record: CXX_FEATURE:0cxx_user_literals
    Feature record: CXX_FEATURE:0cxx_variable_templates
    Feature record: CXX_FEATURE:0cxx_variadic_macros
    Feature record: CXX_FEATURE:0cxx_variadic_templates
Determining if the function XOpenDisplay exists in the /usr/lib/x86_64-linux-gnu/libX11.so;/usr/lib/x86_64-linux-gnu/libXext.so passed with the following output:
Change Dir: /home/natan/Documents/Island_Life/island-life-game/build/CMakeFiles/CMakeTmp

Run Build Command:"/usr/bin/make" "cmTC_b4507/fast"
make[1]: Entering directory '/home/natan/Documents/Island_Life/island-life-game/build/CMakeFiles/CMakeTmp'
/usr/bin/make -f CMakeFiles/cmTC_b4507.dir/build.make CMakeFiles/cmTC_b4507.dir/build
make[2]: Entering directory '/home/natan/Documents/Island_Life/island-life-game/build/CMakeFiles/CMakeTmp'
Building C object CMakeFiles/cmTC_b4507.dir/CheckFunctionExists.c.o
/usr/bin/clang-3.8   -DCHECK_FUNCTION_EXISTS=XOpenDisplay   -o CMakeFiles/cmTC_b4507.dir/CheckFunctionExists.c.o   -c /usr/share/cmake-3.9/Modules/CheckFunctionExists.c
Linking C executable cmTC_b4507
/usr/bin/cmake -E cmake_link_script CMakeFiles/cmTC_b4507.dir/link.txt --verbose=1
/usr/bin/clang-3.8  -DCHECK_FUNCTION_EXISTS=XOpenDisplay    -rdynamic CMakeFiles/cmTC_b4507.dir/CheckFunctionExists.c.o  -o cmTC_b4507 /usr/lib/x86_64-linux-gnu/libX11.so /usr/lib/x86_64-linux-gnu/libXext.so 
make[2]: Leaving directory '/home/natan/Documents/Island_Life/island-life-game/build/CMakeFiles/CMakeTmp'
make[1]: Leaving directory '/home/natan/Documents/Island_Life/island-life-game/build/CMakeFiles/CMakeTmp'


Determining if the function gethostbyname exists passed with the following output:
Change Dir: /home/natan/Documents/Island_Life/island-life-game/build/CMakeFiles/CMakeTmp

Run Build Command:"/usr/bin/make" "cmTC_caa95/fast"
make[1]: Entering directory '/home/natan/Documents/Island_Life/island-life-game/build/CMakeFiles/CMakeTmp'
/usr/bin/make -f CMakeFiles/cmTC_caa95.dir/build.make CMakeFiles/cmTC_caa95.dir/build
make[2]: Entering directory '/home/natan/Documents/Island_Life/island-life-game/build/CMakeFiles/CMakeTmp'
Building C object CMakeFiles/cmTC_caa95.dir/CheckFunctionExists.c.o
/usr/bin/clang-3.8   -DCHECK_FUNCTION_EXISTS=gethostbyname   -o CMakeFiles/cmTC_caa95.dir/CheckFunctionExists.c.o   -c /usr/share/cmake-3.9/Modules/CheckFunctionExists.c
Linking C executable cmTC_caa95
/usr/bin/cmake -E cmake_link_script CMakeFiles/cmTC_caa95.dir/link.txt --verbose=1
/usr/bin/clang-3.8  -DCHECK_FUNCTION_EXISTS=gethostbyname    -rdynamic CMakeFiles/cmTC_caa95.dir/CheckFunctionExists.c.o  -o cmTC_caa95 
make[2]: Leaving directory '/home/natan/Documents/Island_Life/island-life-game/build/CMakeFiles/CMakeTmp'
make[1]: Leaving directory '/home/natan/Documents/Island_Life/island-life-game/build/CMakeFiles/CMakeTmp'


Determining if the function connect exists passed with the following output:
Change Dir: /home/natan/Documents/Island_Life/island-life-game/build/CMakeFiles/CMakeTmp

Run Build Command:"/usr/bin/make" "cmTC_0817d/fast"
make[1]: Entering directory '/home/natan/Documents/Island_Life/island-life-game/build/CMakeFiles/CMakeTmp'
/usr/bin/make -f CMakeFiles/cmTC_0817d.dir/build.make CMakeFiles/cmTC_0817d.dir/build
make[2]: Entering directory '/home/natan/Documents/Island_Life/island-life-game/build/CMakeFiles/CMakeTmp'
Building C object CMakeFiles/cmTC_0817d.dir/CheckFunctionExists.c.o
/usr/bin/clang-3.8   -DCHECK_FUNCTION_EXISTS=connect   -o CMakeFiles/cmTC_0817d.dir/CheckFunctionExists.c.o   -c /usr/share/cmake-3.9/Modules/CheckFunctionExists.c
Linking C executable cmTC_0817d
/usr/bin/cmake -E cmake_link_script CMakeFiles/cmTC_0817d.dir/link.txt --verbose=1
/usr/bin/clang-3.8  -DCHECK_FUNCTION_EXISTS=connect    -rdynamic CMakeFiles/cmTC_0817d.dir/CheckFunctionExists.c.o  -o cmTC_0817d 
make[2]: Leaving directory '/home/natan/Documents/Island_Life/island-life-game/build/CMakeFiles/CMakeTmp'
make[1]: Leaving directory '/home/natan/Documents/Island_Life/island-life-game/build/CMakeFiles/CMakeTmp'


Determining if the function remove exists passed with the following output:
Change Dir: /home/natan/Documents/Island_Life/island-life-game/build/CMakeFiles/CMakeTmp

Run Build Command:"/usr/bin/make" "cmTC_789fb/fast"
make[1]: Entering directory '/home/natan/Documents/Island_Life/island-life-game/build/CMakeFiles/CMakeTmp'
/usr/bin/make -f CMakeFiles/cmTC_789fb.dir/build.make CMakeFiles/cmTC_789fb.dir/build
make[2]: Entering directory '/home/natan/Documents/Island_Life/island-life-game/build/CMakeFiles/CMakeTmp'
Building C object CMakeFiles/cmTC_789fb.dir/CheckFunctionExists.c.o
/usr/bin/clang-3.8   -DCHECK_FUNCTION_EXISTS=remove   -o CMakeFiles/cmTC_789fb.dir/CheckFunctionExists.c.o   -c /usr/share/cmake-3.9/Modules/CheckFunctionExists.c
Linking C executable cmTC_789fb
/usr/bin/cmake -E cmake_link_script CMakeFiles/cmTC_789fb.dir/link.txt --verbose=1
/usr/bin/clang-3.8  -DCHECK_FUNCTION_EXISTS=remove    -rdynamic CMakeFiles/cmTC_789fb.dir/CheckFunctionExists.c.o  -o cmTC_789fb 
make[2]: Leaving directory '/home/natan/Documents/Island_Life/island-life-game/build/CMakeFiles/CMakeTmp'
make[1]: Leaving directory '/home/natan/Documents/Island_Life/island-life-game/build/CMakeFiles/CMakeTmp'


Determining if the function shmat exists passed with the following output:
Change Dir: /home/natan/Documents/Island_Life/island-life-game/build/CMakeFiles/CMakeTmp

Run Build Command:"/usr/bin/make" "cmTC_ea721/fast"
make[1]: Entering directory '/home/natan/Documents/Island_Life/island-life-game/build/CMakeFiles/CMakeTmp'
/usr/bin/make -f CMakeFiles/cmTC_ea721.dir/build.make CMakeFiles/cmTC_ea721.dir/build
make[2]: Entering directory '/home/natan/Documents/Island_Life/island-life-game/build/CMakeFiles/CMakeTmp'
Building C object CMakeFiles/cmTC_ea721.dir/CheckFunctionExists.c.o
/usr/bin/clang-3.8   -DCHECK_FUNCTION_EXISTS=shmat   -o CMakeFiles/cmTC_ea721.dir/CheckFunctionExists.c.o   -c /usr/share/cmake-3.9/Modules/CheckFunctionExists.c
Linking C executable cmTC_ea721
/usr/bin/cmake -E cmake_link_script CMakeFiles/cmTC_ea721.dir/link.txt --verbose=1
/usr/bin/clang-3.8  -DCHECK_FUNCTION_EXISTS=shmat    -rdynamic CMakeFiles/cmTC_ea721.dir/CheckFunctionExists.c.o  -o cmTC_ea721 
make[2]: Leaving directory '/home/natan/Documents/Island_Life/island-life-game/build/CMakeFiles/CMakeTmp'
make[1]: Leaving directory '/home/natan/Documents/Island_Life/island-life-game/build/CMakeFiles/CMakeTmp'


Determining if the function IceConnectionNumber exists in the ICE passed with the following output:
Change Dir: /home/natan/Documents/Island_Life/island-life-game/build/CMakeFiles/CMakeTmp

Run Build Command:"/usr/bin/make" "cmTC_fde36/fast"
make[1]: Entering directory '/home/natan/Documents/Island_Life/island-life-game/build/CMakeFiles/CMakeTmp'
/usr/bin/make -f CMakeFiles/cmTC_fde36.dir/build.make CMakeFiles/cmTC_fde36.dir/build
make[2]: Entering directory '/home/natan/Documents/Island_Life/island-life-game/build/CMakeFiles/CMakeTmp'
Building C object CMakeFiles/cmTC_fde36.dir/CheckFunctionExists.c.o
/usr/bin/clang-3.8   -DCHECK_FUNCTION_EXISTS=IceConnectionNumber   -o CMakeFiles/cmTC_fde36.dir/CheckFunctionExists.c.o   -c /usr/share/cmake-3.9/Modules/CheckFunctionExists.c
Linking C executable cmTC_fde36
/usr/bin/cmake -E cmake_link_script CMakeFiles/cmTC_fde36.dir/link.txt --verbose=1
/usr/bin/clang-3.8  -DCHECK_FUNCTION_EXISTS=IceConnectionNumber    -rdynamic CMakeFiles/cmTC_fde36.dir/CheckFunctionExists.c.o  -o cmTC_fde36 -lICE 
make[2]: Leaving directory '/home/natan/Documents/Island_Life/island-life-game/build/CMakeFiles/CMakeTmp'
make[1]: Leaving directory '/home/natan/Documents/Island_Life/island-life-game/build/CMakeFiles/CMakeTmp'


